commit 571d676f64a85793e6dc049b3243b7bba53f6115 (HEAD -> main)
Merge: d7f38bb 2e71db1
Author: vctrr1 <victoremaanoel@outlook.com>
Date:   Wed Aug 20 15:36:58 2025 -0300

    Merge branch 'change-style'

commit d7f38bbd22d5e07b1e0e9e58ad51dc57e7f72d69
Author: vctrr1 <victoremaanoel@outlook.com>
Date:   Wed Aug 20 15:36:53 2025 -0300

    add log file before merge

commit e280979366068f9b078051096a4173684ecab6ad (origin/main)
Author: vctrr1 <victoremaanoel@outlook.com>
Date:   Wed Aug 20 15:34:23 2025 -0300

    change page title

commit 2e71db143f3858ed6b1f6947f62c34f612bfdcac (origin/change-style, origin/change-js, change-style, change-js)
Author: vctrr1 <victoremaanoel@outlook.com>
Date:   Wed Aug 20 15:26:15 2025 -0300

    change js file

commit 5bca6ed95d82b2c756eb8d96e95e273571572294
Author: vctrr1 <victoremaanoel@outlook.com>
Date:   Wed Aug 20 15:06:07 2025 -0300

    change background color

commit 7c194dbded70e32c2a02e2c5fe8b138e63e45bf2
Author: vctrr1 <victoremaanoel@outlook.com>
Date:   Wed Aug 20 15:02:29 2025 -0300

    add code to the files

commit f83b3f3ecc44047b335e1a596e3513396326c535
:...skipping...
commit 571d676f64a85793e6dc049b3243b7bba53f6115 (HEAD -> main)
Merge: d7f38bb 2e71db1
Author: vctrr1 <victoremaanoel@outlook.com>
Date:   Wed Aug 20 15:36:58 2025 -0300

    Merge branch 'change-style'

commit d7f38bbd22d5e07b1e0e9e58ad51dc57e7f72d69
Author: vctrr1 <victoremaanoel@outlook.com>
Date:   Wed Aug 20 15:36:53 2025 -0300

    add log file before merge

commit e280979366068f9b078051096a4173684ecab6ad (origin/main)
Author: vctrr1 <victoremaanoel@outlook.com>
Date:   Wed Aug 20 15:34:23 2025 -0300

    change page title

commit 2e71db143f3858ed6b1f6947f62c34f612bfdcac (origin/change-style, origin/change-js, change-style, change-js)
Author: vctrr1 <victoremaanoel@outlook.com>
Date:   Wed Aug 20 15:26:15 2025 -0300

    change js file

commit 5bca6ed95d82b2c756eb8d96e95e273571572294
Author: vctrr1 <victoremaanoel@outlook.com>
Date:   Wed Aug 20 15:06:07 2025 -0300

    change background color

commit 7c194dbded70e32c2a02e2c5fe8b138e63e45bf2
Author: vctrr1 <victoremaanoel@outlook.com>
Date:   Wed Aug 20 15:02:29 2025 -0300

    add code to the files

commit f83b3f3ecc44047b335e1a596e3513396326c535
Author: vctrr1 <victoremaanoel@outlook.com>
:...skipping...
commit 571d676f64a85793e6dc049b3243b7bba53f6115 (HEAD -> main)
Merge: d7f38bb 2e71db1
Author: vctrr1 <victoremaanoel@outlook.com>
Date:   Wed Aug 20 15:36:58 2025 -0300

    Merge branch 'change-style'

commit d7f38bbd22d5e07b1e0e9e58ad51dc57e7f72d69
Author: vctrr1 <victoremaanoel@outlook.com>
Date:   Wed Aug 20 15:36:53 2025 -0300

    add log file before merge

commit e280979366068f9b078051096a4173684ecab6ad (origin/main)
Author: vctrr1 <victoremaanoel@outlook.com>
Date:   Wed Aug 20 15:34:23 2025 -0300

    change page title

commit 2e71db143f3858ed6b1f6947f62c34f612bfdcac (origin/change-style, origin/change-js, change-style, change-js)
Author: vctrr1 <victoremaanoel@outlook.com>
Date:   Wed Aug 20 15:26:15 2025 -0300

    change js file

commit 5bca6ed95d82b2c756eb8d96e95e273571572294
Author: vctrr1 <victoremaanoel@outlook.com>
Date:   Wed Aug 20 15:06:07 2025 -0300

    change background color

commit 7c194dbded70e32c2a02e2c5fe8b138e63e45bf2
Author: vctrr1 <victoremaanoel@outlook.com>
Date:   Wed Aug 20 15:02:29 2025 -0300

    add code to the files

commit f83b3f3ecc44047b335e1a596e3513396326c535
Author: vctrr1 <victoremaanoel@outlook.com>
Date:   Wed Aug 20 14:58:50 2025 -0300
:...skipping...
commit 571d676f64a85793e6dc049b3243b7bba53f6115 (HEAD -> main)
Merge: d7f38bb 2e71db1
Author: vctrr1 <victoremaanoel@outlook.com>
Date:   Wed Aug 20 15:36:58 2025 -0300

    Merge branch 'change-style'

commit d7f38bbd22d5e07b1e0e9e58ad51dc57e7f72d69
Author: vctrr1 <victoremaanoel@outlook.com>
Date:   Wed Aug 20 15:36:53 2025 -0300

    add log file before merge

commit e280979366068f9b078051096a4173684ecab6ad (origin/main)
Author: vctrr1 <victoremaanoel@outlook.com>
Date:   Wed Aug 20 15:34:23 2025 -0300

    change page title

commit 2e71db143f3858ed6b1f6947f62c34f612bfdcac (origin/change-style, origin/change-js, change-style, change-js)
Author: vctrr1 <victoremaanoel@outlook.com>
Date:   Wed Aug 20 15:26:15 2025 -0300

    change js file

commit 5bca6ed95d82b2c756eb8d96e95e273571572294
Author: vctrr1 <victoremaanoel@outlook.com>
Date:   Wed Aug 20 15:06:07 2025 -0300

    change background color

commit 7c194dbded70e32c2a02e2c5fe8b138e63e45bf2
Author: vctrr1 <victoremaanoel@outlook.com>
Date:   Wed Aug 20 15:02:29 2025 -0300

    add code to the files

commit f83b3f3ecc44047b335e1a596e3513396326c535
Author: vctrr1 <victoremaanoel@outlook.com>
Date:   Wed Aug 20 14:58:50 2025 -0300